
Profiling started at Fri Jun 24 20:16:24 2022
Profiling stopped at Fri Jun 24 20:16:24 2022

-- OProfile/operf Statistics --
Nr. non-backtrace samples: 61244
Nr. kernel samples: 48908
Nr. user space samples: 12336
Nr. samples lost due to sample address not in expected range for domain: 0
Nr. lost kernel samples: 0
Nr. samples lost due to sample file open failure: 0
Nr. samples lost due to no permanent mapping: 0
Nr. user context kernel samples lost due to no app info available: 0
Nr. user samples lost due to no app info available: 0
Nr. backtraces skipped due to no file mapping: 0
Nr. hypervisor samples dropped due to address out-of-range: 0
Nr. samples lost reported by perf_events kernel: 0

Profiling started at Fri Jun 24 20:16:51 2022
Profiling stopped at Fri Jun 24 20:16:51 2022

-- OProfile/operf Statistics --
Nr. non-backtrace samples: 59784
Nr. kernel samples: 47669
Nr. user space samples: 12115
Nr. samples lost due to sample address not in expected range for domain: 0
Nr. lost kernel samples: 0
Nr. samples lost due to sample file open failure: 0
Nr. samples lost due to no permanent mapping: 0
Nr. user context kernel samples lost due to no app info available: 0
Nr. user samples lost due to no app info available: 0
Nr. backtraces skipped due to no file mapping: 0
Nr. hypervisor samples dropped due to address out-of-range: 0
Nr. samples lost reported by perf_events kernel: 0
